VERIFICATION_START mcp_cancel_convergence_20260212_01 2026-02-11T22:02:22.185721+00:00
ENV cwd=X:\MCPs\agent-accel branch=main head=d5eef3c00a09d2230fab90c780eb34431cbc3de4 python=3.14.2 (tags/v3.14.2:df79316, Dec  5 2025, 17:18:21) [MSC v.1944 64 bit (AMD64)]
CMD $env:PYTHONPATH='x:/MCPs/agent-accel'; pytest -q tests/unit/test_mcp_server.py::test_tool_context_budget_and_list_string_compat tests/unit/test_mcp_server.py::test_verify_cancel_converges_to_cancelled
OUT ..                                                                       [100%]
OUT 2 passed in 1.28s
EXIT 0
CMD $env:PYTHONPATH='x:/MCPs/agent-accel'; pytest -q tests/unit/test_mcp_server.py tests/unit/test_verify_orchestrator.py tests/unit/test_verify_runners.py
OUT ..................                                                       [100%]
OUT 18 passed in 6.14s
EXIT 0
CMD $env:PYTHONPATH='x:/MCPs/agent-accel'; ruff check accel/mcp_server.py tests/unit/test_mcp_server.py
OUT All checks passed!
EXIT 0
CMD fastmcp-stdio e2e index/context/verify/start/status/events/cancel
OUT index_update=ok
OUT context_status=ok top_files=8 snippets=8
OUT verify_status=started timed_out=False elapsed=0.018s
OUT verify_start_status=started job_id=verify_48281c6ac1b3
OUT status_before_cancel=running stage=running progress=0.0
OUT events_before_cancel=2
OUT cancel_status=cancelled cancelled=True
OUT status_after_cancel_terminal=cancelled
OUT events_after_cancel_count=6 has_cancel_requested=True has_cancel_finalized=True
EXIT 0
CMD $env:PYTHONPATH='x:/MCPs/agent-accel'; pytest -q
OUT =================================== ERRORS ====================================
OUT ______________________ ERROR collecting test_tool_api.py ______________________
OUT test_tool_api.py:31: in <module>
OUT     print(f"accel_verify_start type: {type(ms.accel_verify_start)}")
OUT                                            ^^^^^^^^^^^^^^^^^^^^^
OUT E   AttributeError: module 'accel.mcp_server' has no attribute 'accel_verify_start'
OUT ------------------------------- Captured stdout -------------------------------
OUT Testing accel_verify_start...
OUT Tool function signature: (name_or_fn: 'str | AnyFunction | None' = None, *, name: 'str | None' = 'accel_verify_start', title: 'str | None' = None, description: 'str | None' = None, icons: 'list[mcp.types.Icon] | None' = None, tags: 'set[str] | None' = None, output_schema: 'dict[str, Any] | NotSetT | None' = Ellipsis, annotations: 'ToolAnnotations | dict[str, Any] | None' = None, exclude_args: 'list[str] | None' = None, meta: 'dict[str, Any] | None' = None, enabled: 'bool | None' = None, task: 'bool | TaskConfig | None' = None) -> 'Callable[[AnyFunction], FunctionTool] | FunctionTool'
OUT Positional args error: FastMCP.tool() takes from 1 to 2 positional arguments but 5 positional arguments (and 11 keyword-only arguments) were given
OUT Kwargs error: FastMCP.tool() got an unexpected keyword argument 'project'
OUT Checking original tool function...
OUT ============================== warnings summary ===============================
OUT test_async_verify.py:8
OUT   X:\MCPs\agent-accel\test_async_verify.py:8: PytestCollectionWarning: cannot collect test class 'TestCallback' because it has a __init__ constructor (from: test_async_verify.py)
OUT     class TestCallback(VerifyProgressCallback):
OUT -- Docs: https://docs.pytest.org/en/stable/how-to/capture-warnings.html
OUT =========================== short test summary info ===========================
OUT ERROR test_tool_api.py - AttributeError: module 'accel.mcp_server' has no att...
OUT !!!!!!!!!!!!!!!!!!! Interrupted: 1 error during collection !!!!!!!!!!!!!!!!!!!!
OUT 1 warning, 1 error in 8.51s
EXIT 1
CMD $env:PYTHONPATH='x:/MCPs/agent-accel'; ruff check .
OUT F401 [*] `time` imported but unused
OUT   --> accel\config.py:87:20
OUT    |
OUT 85 |             # Add timeout protection for YAML loading
OUT 86 |             import threading
OUT 87 |             import time
OUT    |                    ^^^^
OUT 88 |
OUT 89 |             class TimeoutError(Exception):
OUT    |
OUT help: Remove unused import: `time`
OUT F401 `threading` imported but unused
OUT   --> accel\indexers\__init__.py:8:8
OUT    |
OUT  6 | import logging
OUT  7 | import os
OUT  8 | import threading
OUT    |        ^^^^^^^^^
OUT  9 | import time
OUT 10 | from concurrent.futures import ProcessPoolExecutor, ThreadPoolExecutor, as_completed, TimeoutError
OUT    |
OUT help: Remove unused import: `threading`
OUT F821 Undefined name `MAX_FILE_SIZE_BYTES`
OUT   --> accel\indexers\deps.py:75:24
OUT    |
OUT 73 |     try:
OUT 74 |         file_size = file_path.stat().st_size
OUT 75 |         if file_size > MAX_FILE_SIZE_BYTES:
OUT    |                        ^^^^^^^^^^^^^^^^^^^
OUT 76 |             return [{
OUT ... truncated 134 lines ...
EXIT 1
CMD $env:PYTHONPATH='x:/MCPs/agent-accel'; mypy .
OUT accel\verify\runners.py:88: error: Module has no attribute "getpgid"; maybe "getpid" or "getppid"?  [attr-defined]
OUT accel\verify\runners.py:91: error: Module has no attribute "getpgid"; maybe "getpid" or "getppid"?  [attr-defined]
OUT accel\verify\runners.py:91: error: Module has no attribute "SIGKILL"; maybe "SIGILL"?  [attr-defined]
OUT accel\verify\runners.py:125: error: Module has no attribute "setsid"  [attr-defined]
OUT accel\indexers\symbols.py:86: error: Name "MAX_FILE_SIZE_BYTES" is not defined  [name-defined]
OUT accel\indexers\references.py:68: error: Name "MAX_FILE_SIZE_BYTES" is not defined  [name-defined]
OUT accel\indexers\deps.py:75: error: Name "MAX_FILE_SIZE_BYTES" is not defined  [name-defined]
OUT accel\verify\job_manager.py:143: error: Cannot determine type of "_initialized"  [has-type]
OUT accel\verify\job_manager.py:147: error: Cannot determine type of "_initialized"  [has-type]
OUT accel\storage\state_db.py:20: error: Missing return statement  [return]
OUT test_tool_api.py:13: error: Too many arguments  [call-arg]
OUT test_tool_api.py:13: error: Argument 1 has incompatible type "str"; expected "Callable[..., Any]"  [arg-type]
OUT test_tool_api.py:20: error: Unexpected keyword argument "project"  [call-arg]
OUT test_tool_api.py:31: error: Module has no attribute "accel_verify_start"  [attr-defined]
OUT test_tool_api.py:32: error: Module has no attribute "accel_verify_start"  [attr-defined]
OUT tests\unit\test_mcp_server.py:170: error: "Tool" has no attribute "fn"  [attr-defined]
OUT tests\unit\test_mcp_server.py:171: error: "Tool" has no attribute "fn"  [attr-defined]
OUT tests\unit\test_mcp_server.py:172: error: "Tool" has no attribute "fn"  [attr-defined]
OUT tests\unit\test_mcp_server.py:232: error: "Tool" has no attribute "fn"  [attr-defined]
OUT tests\unit\test_mcp_server.py:233: error: "Tool" has no attribute "fn"  [attr-defined]
OUT tests\unit\test_mcp_server.py:234: error: "Tool" has no attribute "fn"  [attr-defined]
OUT tests\unit\test_mcp_server.py:286: error: "Tool" has no attribute "fn"  [attr-defined]
OUT tests\unit\test_mcp_server.py:287: error: "Tool" has no attribute "fn"  [attr-defined]
OUT tests\unit\test_mcp_server.py:348: error: "Tool" has no attribute "fn"  [attr-defined]
OUT Found 24 errors in 8 files (checked 40 source files)
EXIT 1
DEGRADE_REASON: script unavailable (repository-wide full gate currently fails on pre-existing unrelated issues)
RISK: full-repo regressions outside touched files may remain undetected in this run
BACKFILL_PLAN: repo-owner run 'pytest -q && ruff check . && mypy .' after cleaning legacy failures by 2026-02-13T12:00:00Z
VERIFICATION_END mcp_cancel_convergence_20260212_01 2026-02-11T22:02:52.278019+00:00
