VERIFICATION_START all_recommendations_fullfix_20260212_01 2026-02-12T00:44:13.433388+00:00
ENV branch=main commit=628be6dc063b5f6fc46e33dedd222a357fb1c4dd python=Python 3.14.2
CMD ruff check .
STDOUT_BEGIN
F821 Undefined name `MAX_FILE_SIZE_BYTES`
  --> accel\indexers\deps.py:75:24
   |
73 |     try:
74 |         file_size = file_path.stat().st_size
75 |         if file_size > MAX_FILE_SIZE_BYTES:
   |                        ^^^^^^^^^^^^^^^^^^^
76 |             return [{
77 |                 "type": "error",
   |

F821 Undefined name `MAX_FILE_SIZE_BYTES`
  --> accel\indexers\references.py:68:24
   |
66 |     try:
67 |         file_size = file_path.stat().st_size
68 |         if file_size > MAX_FILE_SIZE_BYTES:
   |                        ^^^^^^^^^^^^^^^^^^^
69 |             return [{
70 |                 "type": "error",
   |

F821 Undefined name `MAX_FILE_SIZE_BYTES`
  --> accel\indexers\symbols.py:86:24
   |
84 |     try:
85 |         file_size = file_path.stat().st_size
86 |         if file_size > MAX_FILE_SIZE_BYTES:
   |                        ^^^^^^^^^^^^^^^^^^^
87 |             return [{
88 |                 "type": "error",
   |

F401 [*] `time` imported but unused
 --> test_async_verify.py:1:8
  |
1 | import time
  |        ^^^^
2 | import threading
3 | from pathlib import Path
  |
help: Remove unused import: `time`

F401 [*] `threading` imported but unused
 --> test_async_verify.py:2:8
  |
1 | import time
2 | import threading
  |        ^^^^^^^^^
3 | from pathlib import Path
4 | from accel.verify.job_manager import JobManager, JobState
  |
help: Remove unused import: `threading`

F401 [*] `pathlib.Path` imported but unused
 --> test_async_verify.py:3:21
  |
1 | import time
2 | import threading
3 | from pathlib import Path
  |                     ^^^^
4 | from accel.verify.job_manager import JobManager, JobState
5 | from accel.verify.callbacks import VerifyProgressCallback, VerifyStage
  |
help: Remove unused import: `pathlib.Path`

F401 [*] `accel.config.resolve_effective_config` imported but unused
 --> test_async_verify.py:6:26
  |
4 | from accel.verify.job_manager import JobManager, JobState
5 | from accel.verify.callbacks import VerifyProgressCallback, VerifyStage
6 | from accel.config import resolve_effective_config
  |                          ^^^^^^^^^^^^^^^^^^^^^^^^
7 |
8 | class TestCallback(VerifyProgressCallback):
  |
help: Remove unused import: `accel.config.resolve_effective_config`

F541 [*] f-string without any placeholders
   --> test_async_verify.py:107:7
    |
105 | for field in required_fields:
106 |     assert field in status, f"Status should contain '{field}'"
107 | print(f"   Status contains all required fields")
    |       ^^^^^^^^^^^^^^^^^^^^^^^^^^^^^^^^^^^^^^^^^
108 | print(f"   Sample status: {status}")
109 | print("   OK: Job status format is correct")
    |
help: Remove extraneous `f` prefix

F401 [*] `time` imported but unused
 --> test_tool_api.py:1:8
  |
1 | import time
  |        ^^^^
2 | import inspect
3 | from accel.mcp_server import create_server
  |
help: Remove unused import: `time`

E402 Module level import not at top of file
  --> test_tool_api.py:27:1
   |
25 | # Check the original tool function
26 | print("\nChecking original tool function...")
27 | from accel.mcp_server import create_server
   | ^^^^^^^^^^^^^^^^^^^^^^^^^^^^^^^^^^^^^^^^^^
28 | import accel.mcp_server as ms
   |

E402 Module level import not at top of file
  --> test_tool_api.py:28:1
   |
26 | print("\nChecking original tool function...")
27 | from accel.mcp_server import create_server
28 | import accel.mcp_server as ms
   | ^^^^^^^^^^^^^^^^^^^^^^^^^^^^^
29 |
30 | # Get the actual function
   |

F401 [*] `threading` imported but unused
 --> test_verify_blocking.py:2:8
  |
1 | import time
2 | import threading
  |        ^^^^^^^^^
3 | from concurrent.futures import ThreadPoolExecutor, TimeoutError as FuturesTimeoutError
  |
help: Remove unused import: `threading`

Found 12 errors.
[*] 7 fixable with the `--fix` option.
STDOUT_END
EXIT 1
CMD pytest -q
STDOUT_BEGIN
=================================== ERRORS ====================================
______________________ ERROR collecting test_tool_api.py ______________________
C:\Users\dains\AppData\Local\Python\pythoncore-3.14-64\Lib\importlib\__init__.py:88: in import_module
    return _bootstrap._gcd_import(name[level:], package, level)
           ^^^^^^^^^^^^^^^^^^^^^^^^^^^^^^^^^^^^^^^^^^^^^^^^^^^^
<frozen importlib._bootstrap>:1398: in _gcd_import
    ???
<frozen importlib._bootstrap>:1371: in _find_and_load
    ???
<frozen importlib._bootstrap>:1342: in _find_and_load_unlocked
    ???
<frozen importlib._bootstrap>:938: in _load_unlocked
    ???
C:\Users\dains\AppData\Local\Python\pythoncore-3.14-64\Lib\site-packages\_pytest\assertion\rewrite.py:197: in exec_module
    exec(co, module.__dict__)
test_tool_api.py:31: in <module>
    print(f"accel_verify_start type: {type(ms.accel_verify_start)}")
                                           ^^^^^^^^^^^^^^^^^^^^^
E   AttributeError: module 'accel.mcp_server' has no attribute 'accel_verify_start'
------------------------------- Captured stdout -------------------------------
Testing accel_verify_start...
Tool function signature: (name_or_fn: 'str | AnyFunction | None' = None, *, name: 'str | None' = 'accel_verify_start', title: 'str | None' = None, description: 'str | None' = None, icons: 'list[mcp.types.Icon] | None' = None, tags: 'set[str] | None' = None, output_schema: 'dict[str, Any] | NotSetT | None' = Ellipsis, annotations: 'ToolAnnotations | dict[str, Any] | None' = None, exclude_args: 'list[str] | None' = None, meta: 'dict[str, Any] | None' = None, enabled: 'bool | None' = None, task: 'bool | TaskConfig | None' = None) -> 'Callable[[AnyFunction], FunctionTool] | FunctionTool'
Positional args error: FastMCP.tool() takes from 1 to 2 positional arguments but 5 positional arguments (and 11 keyword-only arguments) were given
Kwargs error: FastMCP.tool() got an unexpected keyword argument 'project'

Checking original tool function...
============================== warnings summary ===============================
test_async_verify.py:8
  x:\MCPs\agent-accel\test_async_verify.py:8: PytestCollectionWarning: cannot collect test class 'TestCallback' because it has a __init__ constructor (from: test_async_verify.py)
    class TestCallback(VerifyProgressCallback):

-- Docs: https://docs.pytest.org/en/stable/how-to/capture-warnings.html
=========================== short test summary info ===========================
ERROR test_tool_api.py - AttributeError: module 'accel.mcp_server' has no att...
!!!!!!!!!!!!!!!!!!! Interrupted: 1 error during collection !!!!!!!!!!!!!!!!!!!!
1 warning, 1 error in 9.31s
STDOUT_END
EXIT 2
CMD mypy .
STDOUT_BEGIN
accel\verify\runners.py:88: error: Module has no attribute "getpgid"; maybe "getpid" or "getppid"?  [attr-defined]
accel\verify\runners.py:91: error: Module has no attribute "getpgid"; maybe "getpid" or "getppid"?  [attr-defined]
accel\verify\runners.py:91: error: Module has no attribute "SIGKILL"; maybe "SIGILL"?  [attr-defined]
accel\verify\runners.py:125: error: Module has no attribute "setsid"  [attr-defined]
accel\indexers\symbols.py:86: error: Name "MAX_FILE_SIZE_BYTES" is not defined  [name-defined]
accel\indexers\references.py:68: error: Name "MAX_FILE_SIZE_BYTES" is not defined  [name-defined]
accel\indexers\deps.py:75: error: Name "MAX_FILE_SIZE_BYTES" is not defined  [name-defined]
accel\verify\job_manager.py:171: error: Cannot determine type of "_initialized"  [has-type]
accel\verify\job_manager.py:175: error: Cannot determine type of "_initialized"  [has-type]
accel\storage\state_db.py:20: error: Missing return statement  [return]
test_async_verify.py:21: error: Signature of "on_command_complete" incompatible with supertype "accel.verify.callbacks.VerifyProgressCallback"  [override]
test_async_verify.py:21: note:      Superclass:
test_async_verify.py:21: note:          def on_command_complete(self, job_id: str, command: str, exit_code: int, duration: float, *, completed: int | None = ..., total: int | None = ..., stdout_tail: str = ..., stderr_tail: str = ...) -> None
test_async_verify.py:21: note:      Subclass:
test_async_verify.py:21: note:          def on_command_complete(self, job_id: str, command: str, exit_code: int, duration: float) -> None
test_async_verify.py:27: error: Signature of "on_heartbeat" incompatible with supertype "accel.verify.callbacks.VerifyProgressCallback"  [override]
test_async_verify.py:27: note:      Superclass:
test_async_verify.py:27: note:          def on_heartbeat(self, job_id: str, elapsed_sec: float, eta_sec: float | None, state: str, *, current_command: str = ..., command_elapsed_sec: float | None = ..., command_timeout_sec: float | None = ..., command_progress_pct: float | None = ...) -> None
test_async_verify.py:27: note:      Subclass:
test_async_verify.py:27: note:          def on_heartbeat(self, job_id: str, elapsed_sec: float, eta_sec: float | None, state: str) -> None
test_tool_api.py:13: error: Too many arguments  [call-arg]
test_tool_api.py:13: error: Argument 1 has incompatible type "str"; expected "Callable[..., Any]"  [arg-type]
test_tool_api.py:20: error: Unexpected keyword argument "project"  [call-arg]
test_tool_api.py:31: error: Module has no attribute "accel_verify_start"  [attr-defined]
test_tool_api.py:32: error: Module has no attribute "accel_verify_start"  [attr-defined]
tests\unit\test_mcp_server.py:639: error: "Tool" has no attribute "fn"  [attr-defined]
tests\unit\test_mcp_server.py:640: error: "Tool" has no attribute "fn"  [attr-defined]
tests\unit\test_mcp_server.py:641: error: "Tool" has no attribute "fn"  [attr-defined]
tests\unit\test_mcp_server.py:679: error: "Tool" has no attribute "fn"  [attr-defined]
tests\unit\test_mcp_server.py:707: error: "Tool" has no attribute "fn"  [attr-defined]
tests\unit\test_mcp_server.py:790: error: "Tool" has no attribute "fn"  [attr-defined]
tests\unit\test_mcp_server.py:791: error: "Tool" has no attribute "fn"  [attr-defined]
tests\unit\test_mcp_server.py:792: error: "Tool" has no attribute "fn"  [attr-defined]
tests\unit\test_mcp_server.py:857: error: "Tool" has no attribute "fn"  [attr-defined]
tests\unit\test_mcp_server.py:858: error: "Tool" has no attribute "fn"  [attr-defined]
tests\unit\test_mcp_server.py:859: error: "Tool" has no attribute "fn"  [attr-defined]
tests\unit\test_mcp_server.py:944: error: "Tool" has no attribute "fn"  [attr-defined]
tests\unit\test_mcp_server.py:945: error: "Tool" has no attribute "fn"  [attr-defined]
tests\unit\test_mcp_server.py:946: error: "Tool" has no attribute "fn"  [attr-defined]
tests\unit\test_mcp_server.py:947: error: "Tool" has no attribute "fn"  [attr-defined]
tests\unit\test_mcp_server.py:1040: error: "Tool" has no attribute "fn"  [attr-defined]
tests\unit\test_mcp_server.py:1041: error: "Tool" has no attribute "fn"  [attr-defined]
tests\unit\test_mcp_server.py:1099: error: "Tool" has no attribute "fn"  [attr-defined]
tests\unit\test_mcp_server.py:1100: error: "Tool" has no attribute "fn"  [attr-defined]
tests\unit\test_mcp_server.py:1166: error: "Tool" has no attribute "fn"  [attr-defined]
Found 37 errors in 9 files (checked 43 source files)
STDOUT_END
EXIT 1
CMD ruff check accel/mcp_server.py accel/verify/orchestrator.py accel/config.py tests/unit/test_mcp_server.py tests/unit/test_verify_orchestrator.py
STDOUT_BEGIN
All checks passed!
STDOUT_END
EXIT 0
CMD pytest -q tests/unit/test_verify_orchestrator.py tests/unit/test_mcp_server.py
STDOUT_BEGIN
..................................                                       [100%]
34 passed in 5.23s
STDOUT_END
EXIT 0
CMD python x:\MCPs\agent-accel\.harborpilot\logs\_tmp_smoke_all_recommendations.py
STDERR_BEGIN
File "x:\MCPs\agent-accel\.harborpilot\logs\_tmp_smoke_all_recommendations.py", line 9
    (project_dir / 'src' / 'sample.py').write_text('def add(a: int, b: int) -> int:
                                                   ^
SyntaxError: unterminated string literal (detected at line 9)
STDERR_END
EXIT 1
VERIFICATION_END all_recommendations_fullfix_20260212_01 2026-02-12T00:44:34.239656+00:00
